12/06/2013 260.50 -532.80 260.50 -532.80
12/09/2013 260.50 -899.44 260.50 -532.80
12/10/2013 467.46 59.05 467.46 59.05
12/11/2013 224.75 -1110.38 467.46 59.05
12/12/2013 224.75 -2074.38 467.46 59.05
12/13/2013 332.83 -2307.68 467.46 59.05
12/16/2013 168.08 -2967.57 467.46 59.05
12/17/2013 27.74 -3478.75 467.46 59.05
12/18/2013 2277.20 -1868.45 2277.20 -1868.45
12/19/2013 2513.58 -2277.17 2513.58 -2277.17
12/20/2013 5378.34 -2331.47 5378.34 -2331.47
12/23/2013 7804.62 -2626.46 7804.62 -2626.46
12/24/2013 9013.60 -1908.66 9013.60 -1908.66
12/25/2013 12518.95 761.55 12518.95 761.55
12/26/2013 18096.71 -309.00 18096.71 -309.00
12/27/2013 19394.22 919.46 19394.22 919.46
12/30/2013 19336.13 -1256.78 19394.22 919.46
12/31/2013 19113.31 -2614.67 19394.22 919.46
01/02/2014 18717.79 -3197.45 19394.22 919.46
01/03/2014 17925.52 -4892.64 19394.22 919.46
01/06/2014 17706.22 -6134.66 19394.22 919.46
01/07/2014 17180.73 -6441.13 19394.22 919.46
01/08/2014 17180.73 -7639.66 19394.22 919.46
01/09/2014 17043.56 -8350.62 19394.22 919.46
01/10/2014 17166.34 -9578.86 19394.22 919.46
01/13/2014 17058.03 -9753.00 19394.22 919.46
01/14/2014 17058.03 -9546.20 19394.22 919.46
01/15/2014 17058.03 -9747.02 19394.22 919.46
01/16/2014 17058.03 -9626.75 19394.22 919.46
01/17/2014 17058.03 -10329.77 19394.22 919.46
01/20/2014 17058.03 -11169.38 19394.22 919.46
01/21/2014 17058.03 -11144.76 19394.22 919.46
01/22/2014 17058.03 -10833.42 19394.22 919.46
01/23/2014 17058.03 -10446.08 19394.22 919.46
01/24/2014 17058.03 -10397.47 19394.22 919.46
01/27/2014 16938.07 -10589.33 19394.22 919.46
01/28/2014 16938.07 -11037.12 19394.22 919.46
01/29/2014 16468.46 -11716.22 19394.22 919.46
01/30/2014 16351.23 -12346.51 19394.22 919.46
02/07/2014 16232.57 -12224.57 19394.22 919.46
02/10/2014 16334.15 -11487.94 19394.22 919.46
02/11/2014 16217.98 -11736.87 19394.22 919.46
02/12/2014 16440.06 -11919.37 19394.22 919.46
02/13/2014 16329.79 -12950.44 19394.22 919.46
02/14/2014 16329.79 -13039.84 19394.22 919.46
02/17/2014 16495.03 -12513.23 19394.22 919.46
02/18/2014 16386.73 -14059.08 19394.22 919.46
02/19/2014 16857.25 -12983.46 19394.22 919.46
02/20/2014 16857.25 -14799.30 19394.22 919.46
02/21/2014 16731.94 -15243.48 19394.22 919.46
02/24/2014 18723.08 -16184.58 19394.22 919.46
02/25/2014 20839.63 -17774.10 20839.63 -17774.10
02/26/2014 24537.93 -17340.36 24537.93 -17340.36
02/27/2014 24682.73 -17872.90 24682.73 -17872.90
02/28/2014 31946.73 -16258.22 31946.73 -16258.22
03/03/2014 35843.78 -12225.48 35843.78 -12225.48
03/04/2014 44484.42 -9007.62 44484.42 -9007.62
03/05/2014 46041.26 -5828.11 46041.26 -5828.11
03/06/2014 47045.52 -5452.84 47045.52 -5452.84
03/07/2014 46114.39 -7330.55 47045.52 -5452.84
03/10/2014 45428.59 -8974.23 47045.52 -5452.84
03/11/2014 45508.71 -8900.81 47045.52 -5452.84
03/12/2014 45238.18 -9508.89 47045.52 -5452.84
03/13/2014 45269.43 -9240.78 47045.52 -5452.84
03/14/2014 44991.43 -10232.52 47045.52 -5452.84
03/17/2014 45066.39 -10008.28 47045.52 -5452.84
03/18/2014 44933.63 -10342.17 47045.52 -5452.84
03/19/2014 45035.94 -9603.21 47045.52 -5452.84
03/20/2014 44930.94 -10969.39 47045.52 -5452.84
03/21/2014 44930.94 -11161.18 47045.52 -5452.84
03/24/2014 44721.41 -11632.60 47045.52 -5452.84
03/25/2014 44866.11 -12574.66 47045.52 -5452.84
03/26/2014 44732.78 -12896.34 47045.52 -5452.84
03/27/2014 44627.71 -13787.73 47045.52 -5452.84
03/28/2014 44804.71 -14954.02 47045.52 -5452.84
03/31/2014 44804.71 -15314.07 47045.52 -5452.84
04/01/2014 44668.51 -15205.95 47045.52 -5452.84
04/02/2014 45240.07 -14622.10 47045.52 -5452.84
04/03/2014 44942.58 -14060.79 47045.52 -5452.84
04/04/2014 44834.81 -14277.13 47045.52 -5452.84
04/08/2014 44694.81 -14487.30 47045.52 -5452.84
04/09/2014 44867.66 -14479.19 47045.52 -5452.84
04/10/2014 44476.36 -15252.09 47045.52 -5452.84
04/11/2014 44898.95 -14670.07 47045.52 -5452.84
04/14/2014 44503.11 -14508.45 47045.52 -5452.84
04/15/2014 44563.02 -14567.26 47045.52 -5452.84
04/16/2014 44724.13 -16004.69 47045.52 -5452.84
04/17/2014 47488.88 -14790.71 47488.88 -14790.71
04/18/2014 50552.28 -12851.52 50552.28 -12851.52
04/21/2014 49329.94 -14640.04 50552.28 -12851.52
04/22/2014 49729.62 -16448.06 50552.28 -12851.52
04/23/2014 53467.33 -16223.79 53467.33 -16223.79
04/24/2014 55947.04 -16198.15 55947.04 -16198.15
04/25/2014 56167.60 -17173.63 56167.60 -17173.63
04/28/2014 58847.52 -17766.74 58847.52 -17766.74
04/29/2014 63880.88 -16294.37 63880.88 -16294.37
04/30/2014 66241.84 -15066.38 66241.84 -15066.38
SH600260 04/30/2014 66241.84 -15066.38
07/24/2013 131.50 -118.67 131.50 -118.67
07/25/2013 131.50 -476.64 131.50 -118.67
07/26/2013 131.50 -1170.21 131.50 -118.67
07/29/2013 131.50 -1848.32 131.50 -118.67
07/30/2013 233.05 -2092.92 233.05 -2092.92
07/31/2013 233.05 -2648.08 233.05 -2092.92
08/01/2013 638.16 -2033.14 638.16 -2033.14
08/02/2013 701.87 -2102.09 701.87 -2102.09
08/05/2013 701.87 -1428.05 701.87 -2102.09
08/06/2013 801.88 -1668.46 801.88 -1668.46
08/07/2013 1812.01 -1949.41 1812.01 -1949.41
08/08/2013 2349.22 -2767.47 2349.22 -2767.47
08/09/2013 2110.64 -3445.34 2349.22 -2767.47
08/12/2013 2483.34 -2830.21 2483.34 -2830.21
08/13/2013 4447.35 -2617.95 4447.35 -2617.95
08/14/2013 6709.81 -3510.19 6709.81 -3510.19
08/15/2013 6977.77 -356.04 6977.77 -356.04
08/16/2013 7939.43 -2107.78 7939.43 -2107.78
08/19/2013 7939.43 -1937.57 7939.43 -2107.78
08/20/2013 7568.15 -2529.31 7939.43 -2107.78
08/21/2013 7568.15 -2943.43 7939.43 -2107.78
08/22/2013 7082.48 -3464.85 7939.43 -2107.78
08/23/2013 6741.96 -4104.82 7939.43 -2107.78
08/26/2013 7207.64 -2833.81 7939.43 -2107.78
08/27/2013 26008.79 4297.24 26008.79 4297.24
08/28/2013 26593.58 5253.14 26593.58 5253.14
08/29/2013 26663.24 3525.81 26663.24 3525.81
09/06/2013 25547.19 3018.98 26663.24 3525.81
09/09/2013 26542.17 5542.50 26663.24 3525.81
09/10/2013 26661.76 4837.11 26663.24 3525.81
09/11/2013 29160.63 5951.88 29160.63 5951.88
09/12/2013 34030.46 7513.21 34030.46 7513.21
09/13/2013 32797.46 5114.54 34030.46 7513.21
09/16/2013 37448.05 7225.86 37448.05 7225.86
09/17/2013 40380.36 4979.26 40380.36 4979.26
09/18/2013 39305.75 3436.83 40380.36 4979.26
09/23/2013 40398.55 5931.30 40398.55 5931.30
09/24/2013 43669.79 8393.69 43669.79 8393.69
09/25/2013 42221.35 7755.97 43669.79 8393.69
09/26/2013 40699.94 5521.45 43669.79 8393.69
09/27/2013 40611.38 4843.65 43669.79 8393.69
09/30/2013 40956.33 5324.60 43669.79 8393.69
10/08/2013 41336.27 5768.40 43669.79 8393.69
10/09/2013 40695.57 3824.13 43669.79 8393.69
10/10/2013 40756.45 3975.70 43669.79 8393.69
10/11/2013 40267.51 1162.32 43669.79 8393.69
10/14/2013 40101.93 -548.24 43669.79 8393.69
10/15/2013 38669.23 -2358.56 43669.79 8393.69
10/16/2013 37630.02 -3578.00 43669.79 8393.69
10/17/2013 36873.56 -5299.07 43669.79 8393.69
10/18/2013 37012.74 -5267.90 43669.79 8393.69
10/21/2013 36853.12 -5254.34 43669.79 8393.69
10/22/2013 36682.98 -8428.35 43669.79 8393.69
10/23/2013 36915.27 -10148.61 43669.79 8393.69
10/24/2013 36915.27 -10588.62 43669.79 8393.69
10/25/2013 36808.21 -11284.65 43669.79 8393.69
10/28/2013 36808.21 -11236.07 43669.79 8393.69
10/29/2013 36701.15 -11523.88 43669.79 8393.69
10/30/2013 36701.15 -11565.72 43669.79 8393.69
10/31/2013 36701.15 -11460.51 43669.79 8393.69
11/01/2013 36863.33 -11508.21 43669.79 8393.69
11/04/2013 36756.37 -11085.12 43669.79 8393.69
11/05/2013 36656.26 -9429.35 43669.79 8393.69
11/06/2013 36244.89 -10753.77 43669.79 8393.69
11/07/2013 36140.02 -11187.58 43669.79 8393.69
11/08/2013 36140.02 -12579.67 43669.79 8393.69
11/11/2013 36140.02 -12287.99 43669.79 8393.69
11/12/2013 35836.29 -11058.11 43669.79 8393.69
11/13/2013 35732.49 -11564.65 43669.79 8393.69
11/14/2013 35720.26 -12065.80 43669.79 8393.69
11/15/2013 36105.70 -11685.13 43669.79 8393.69
11/18/2013 36131.00 -10068.26 43669.79 8393.69
11/19/2013 36131.00 -10953.63 43669.79 8393.69
11/20/2013 36131.00 -11545.92 43669.79 8393.69
11/21/2013 35622.51 -11441.71 43669.79 8393.69
11/22/2013 35919.56 -12202.05 43669.79 8393.69
11/25/2013 36221.78 -13457.15 43669.79 8393.69
11/26/2013 36002.36 -14495.61 43669.79 8393.69
11/27/2013 36406.56 -14788.05 43669.79 8393.69
11/28/2013 36073.99 -15648.65 43669.79 8393.69
11/29/2013 35523.43 -16662.22 43669.79 8393.69
12/02/2013 35275.49 -17680.95 43669.79 8393.69
12/03/2013 35275.49 -17360.45 43669.79 8393.69
12/04/2013 35144.76 -17419.00 43669.79 8393.69
12/05/2013 35030.98 -18054.63 43669.79 8393.69
12/06/2013 35291.49 -18587.42 43669.79 8393.69
SH600260 09/24/2013 43669.79 8393.69
